# JRE version: OpenJDK Runtime Environment Microsoft-10823458 (11.0.26+4) (build 11.0.26+4-LTS)
# Java VM: OpenJDK 64-Bit Server VM Microsoft-10823458 (11.0.26+4-LTS, mixed mode, sharing, tiered, compressed oops, g1 gc, windows-amd64)
Heap:
 garbage-first heap   total 131072K, used 107151K [0x0000000080000000, 0x0000000100000000)
  region size 1024K, 22 young (22528K), 3 survivors (3072K)
 Metaspace       used 76474K, capacity 78957K, committed 79052K, reserved 585728K
  class space    used 10242K, capacity 11251K, committed 11264K, reserved 516096K
GC Heap History (20 events):
Event: 20.719 GC heap before
{Heap before GC invocations=16 (full 0):
 garbage-first heap   total 129024K, used 102132K [0x0000000080000000, 0x0000000100000000)
  region size 1024K, 56 young (57344K), 6 survivors (6144K)
 Metaspace       used 61210K, capacity 63287K, committed 63564K, reserved 571392K
  class space    used 8385K, capacity 9265K, committed 9344K, reserved 516096K
}
Event: 20.729 GC heap after
{Heap after GC invocations=17 (full 0):
 garbage-first heap   total 129024K, used 54795K [0x0000000080000000, 0x0000000100000000)
  region size 1024K, 7 young (7168K), 7 survivors (7168K)
 Metaspace       used 61210K, capacity 63287K, committed 63564K, reserved 571392K
  class space    used 8385K, capacity 9265K, committed 9344K, reserved 516096K
}
Event: 21.425 GC heap before
{Heap before GC invocations=17 (full 0):
 garbage-first heap   total 129024K, used 112139K [0x0000000080000000, 0x0000000100000000)
  region size 1024K, 54 young (55296K), 7 survivors (7168K)
 Metaspace       used 62471K, capacity 64756K, committed 64844K, reserved 571392K
  class space    used 8560K, capacity 9514K, committed 9600K, reserved 516096K
}
Event: 21.435 GC heap after
{Heap after GC invocations=18 (full 0):
 garbage-first heap   total 131072K, used 75142K [0x0000000080000000, 0x0000000100000000)
  region size 1024K, 7 young (7168K), 7 survivors (7168K)
 Metaspace       used 62471K, capacity 64756K, committed 64844K, reserved 571392K
  class space    used 8560K, capacity 9514K, committed 9600K, reserved 516096K
}
Event: 21.937 GC heap before
{Heap before GC invocations=18 (full 0):
 garbage-first heap   total 131072K, used 98694K [0x0000000080000000, 0x0000000100000000)
  region size 1024K, 31 young (31744K), 7 survivors (7168K)
 Metaspace       used 65018K, capacity 67406K, committed 67540K, reserved 575488K
  class space    used 8894K, capacity 9848K, committed 9856K, reserved 516096K
}
Event: 21.944 GC heap after
{Heap after GC invocations=19 (full 0):
 garbage-first heap   total 131072K, used 76902K [0x0000000080000000, 0x0000000100000000)
  region size 1024K, 2 young (2048K), 2 survivors (2048K)
 Metaspace       used 65018K, capacity 67406K, committed 67540K, reserved 575488K
  class space    used 8894K, capacity 9848K, committed 9856K, reserved 516096K
}
Event: 22.373 GC heap before
{Heap before GC invocations=20 (full 0):
 garbage-first heap   total 131072K, used 103526K [0x0000000080000000, 0x0000000100000000)
  region size 1024K, 28 young (28672K), 2 survivors (2048K)
 Metaspace       used 68799K, capacity 71144K, committed 71500K, reserved 577536K
  class space    used 9292K, capacity 10238K, committed 10368K, reserved 516096K
}
Event: 22.378 GC heap after
{Heap after GC invocations=21 (full 0):
 garbage-first heap   total 131072K, used 77653K [0x0000000080000000, 0x0000000100000000)
  region size 1024K, 3 young (3072K), 3 survivors (3072K)
 Metaspace       used 68799K, capacity 71144K, committed 71500K, reserved 577536K
  class space    used 9292K, capacity 10238K, committed 10368K, reserved 516096K
}
Event: 22.788 GC heap before
{Heap before GC invocations=22 (full 0):
 garbage-first heap   total 131072K, used 103253K [0x0000000080000000, 0x0000000100000000)
  region size 1024K, 29 young (29696K), 3 survivors (3072K)
 Metaspace       used 71917K, capacity 74284K, committed 74572K, reserved 581632K
  class space    used 9635K, capacity 10578K, committed 10624K, reserved 516096K
}
Event: 22.794 GC heap after
{Heap after GC invocations=23 (full 0):
 garbage-first heap   total 131072K, used 80560K [0x0000000080000000, 0x0000000100000000)
  region size 1024K, 4 young (4096K), 4 survivors (4096K)
 Metaspace       used 71917K, capacity 74284K, committed 74572K, reserved 581632K
  class space    used 9635K, capacity 10578K, committed 10624K, reserved 516096K
}
Event: 23.179 GC heap before
{Heap before GC invocations=23 (full 0):
 garbage-first heap   total 131072K, used 107184K [0x0000000080000000, 0x0000000100000000)
  region size 1024K, 30 young (30720K), 4 survivors (4096K)
 Metaspace       used 74353K, capacity 76733K, committed 76876K, reserved 583680K
  class space    used 9920K, capacity 10879K, committed 10880K, reserved 516096K
}
Event: 23.185 GC heap after
{Heap after GC invocations=24 (full 0):
 garbage-first heap   total 131072K, used 82430K [0x0000000080000000, 0x0000000100000000)
  region size 1024K, 2 young (2048K), 2 survivors (2048K)
 Metaspace       used 74353K, capacity 76733K, committed 76876K, reserved 583680K
  class space    used 9920K, capacity 10879K, committed 10880K, reserved 516096K
}
Event: 23.326 GC heap before
{Heap before GC invocations=25 (full 0):
 garbage-first heap   total 131072K, used 89598K [0x0000000080000000, 0x0000000100000000)
  region size 1024K, 11 young (11264K), 2 survivors (2048K)
 Metaspace       used 75015K, capacity 77420K, committed 77516K, reserved 583680K
  class space    used 10019K, capacity 10979K, committed 11008K, reserved 516096K
}
Event: 23.329 GC heap after
{Heap after GC invocations=26 (full 0):
 garbage-first heap   total 131072K, used 82943K [0x0000000080000000, 0x0000000100000000)
  region size 1024K, 3 young (3072K), 3 survivors (3072K)
 Metaspace       used 75015K, capacity 77420K, committed 77516K, reserved 583680K
  class space    used 10019K, capacity 10979K, committed 11008K, reserved 516096K
}
Event: 23.528 GC heap before
{Heap before GC invocations=27 (full 0):
 garbage-first heap   total 131072K, used 104447K [0x0000000080000000, 0x0000000100000000)
  region size 1024K, 23 young (23552K), 3 survivors (3072K)
 Metaspace       used 75862K, capacity 78342K, committed 78540K, reserved 583680K
  class space    used 10155K, capacity 11158K, committed 11264K, reserved 516096K
}
Event: 23.532 GC heap after
{Heap after GC invocations=28 (full 0):
 garbage-first heap   total 131072K, used 84453K [0x0000000080000000, 0x0000000100000000)
  region size 1024K, 3 young (3072K), 3 survivors (3072K)
 Metaspace       used 75862K, capacity 78342K, committed 78540K, reserved 583680K
  class space    used 10155K, capacity 11158K, committed 11264K, reserved 516096K
}
Event: 23.642 GC heap before
{Heap before GC invocations=28 (full 0):
 garbage-first heap   total 131072K, used 104933K [0x0000000080000000, 0x0000000100000000)
  region size 1024K, 23 young (23552K), 3 survivors (3072K)
 Metaspace       used 76010K, capacity 78502K, committed 78796K, reserved 583680K
  class space    used 10175K, capacity 11170K, committed 11264K, reserved 516096K
}
Event: 23.651 GC heap after
{Heap after GC invocations=29 (full 0):
 garbage-first heap   total 131072K, used 86528K [0x0000000080000000, 0x0000000100000000)
  region size 1024K, 3 young (3072K), 3 survivors (3072K)
 Metaspace       used 76010K, capacity 78502K, committed 78796K, reserved 583680K
  class space    used 10175K, capacity 11170K, committed 11264K, reserved 516096K
}
Event: 23.846 GC heap before
{Heap before GC invocations=30 (full 0):
 garbage-first heap   total 131072K, used 105984K [0x0000000080000000, 0x0000000100000000)
  region size 1024K, 22 young (22528K), 3 survivors (3072K)
 Metaspace       used 76228K, capacity 78723K, committed 78796K, reserved 583680K
  class space    used 10208K, capacity 11240K, committed 11264K, reserved 516096K
}
Event: 23.851 GC heap after
{Heap after GC invocations=31 (full 0):
 garbage-first heap   total 131072K, used 88719K [0x0000000080000000, 0x0000000100000000)
  region size 1024K, 3 young (3072K), 3 survivors (3072K)
 Metaspace       used 76228K, capacity 78723K, committed 78796K, reserved 583680K
  class space    used 10208K, capacity 11240K, committed 11264K, reserved 516096K
}

