# JRE version: OpenJDK Runtime Environment Microsoft-10823458 (11.0.26+4) (build 11.0.26+4-LTS)
# Java VM: OpenJDK 64-Bit Server VM Microsoft-10823458 (11.0.26+4-LTS, mixed mode, sharing, tiered, compressed oops, g1 gc, windows-amd64)
Heap:
 garbage-first heap   total 367616K, used 205494K [0x0000000080000000, 0x0000000100000000)
  region size 1024K, 23 young (23552K), 6 survivors (6144K)
 Metaspace       used 98642K, capacity 105040K, committed 105164K, reserved 606208K
  class space    used 13339K, capacity 15519K, committed 15616K, reserved 516096K
GC Heap History (20 events):
Event: 40.974 GC heap before
{Heap before GC invocations=58 (full 0):
 garbage-first heap   total 187392K, used 148180K [0x0000000080000000, 0x0000000100000000)
  region size 1024K, 19 young (19456K), 3 survivors (3072K)
 Metaspace       used 96705K, capacity 101618K, committed 101836K, reserved 604160K
  class space    used 13071K, capacity 14807K, committed 14848K, reserved 516096K
}
Event: 40.993 GC heap after
{Heap after GC invocations=59 (full 0):
 garbage-first heap   total 187392K, used 136803K [0x0000000080000000, 0x0000000100000000)
  region size 1024K, 3 young (3072K), 3 survivors (3072K)
 Metaspace       used 96705K, capacity 101618K, committed 101836K, reserved 604160K
  class space    used 13071K, capacity 14807K, committed 14848K, reserved 516096K
}
Event: 41.217 GC heap before
{Heap before GC invocations=59 (full 0):
 garbage-first heap   total 187392K, used 151139K [0x0000000080000000, 0x0000000100000000)
  region size 1024K, 18 young (18432K), 3 survivors (3072K)
 Metaspace       used 96932K, capacity 101971K, committed 102220K, reserved 604160K
  class space    used 13105K, capacity 14880K, committed 14976K, reserved 516096K
}
Event: 41.223 GC heap after
{Heap after GC invocations=60 (full 0):
 garbage-first heap   total 187392K, used 139934K [0x0000000080000000, 0x0000000100000000)
  region size 1024K, 3 young (3072K), 3 survivors (3072K)
 Metaspace       used 96932K, capacity 101971K, committed 102220K, reserved 604160K
  class space    used 13105K, capacity 14880K, committed 14976K, reserved 516096K
}
Event: 41.689 GC heap before
{Heap before GC invocations=61 (full 0):
 garbage-first heap   total 187392K, used 154270K [0x0000000080000000, 0x0000000100000000)
  region size 1024K, 17 young (17408K), 3 survivors (3072K)
 Metaspace       used 97102K, capacity 102167K, committed 102476K, reserved 604160K
  class space    used 13127K, capacity 14898K, committed 14976K, reserved 516096K
}
Event: 41.705 GC heap after
{Heap after GC invocations=62 (full 0):
 garbage-first heap   total 262144K, used 143173K [0x0000000080000000, 0x0000000100000000)
  region size 1024K, 3 young (3072K), 3 survivors (3072K)
 Metaspace       used 97102K, capacity 102167K, committed 102476K, reserved 604160K
  class space    used 13127K, capacity 14898K, committed 14976K, reserved 516096K
}
Event: 41.999 GC heap before
{Heap before GC invocations=62 (full 0):
 garbage-first heap   total 262144K, used 155461K [0x0000000080000000, 0x0000000100000000)
  region size 1024K, 16 young (16384K), 3 survivors (3072K)
 Metaspace       used 97300K, capacity 102588K, committed 102732K, reserved 604160K
  class space    used 13150K, capacity 14937K, committed 14976K, reserved 516096K
}
Event: 42.016 GC heap after
{Heap after GC invocations=63 (full 0):
 garbage-first heap   total 262144K, used 144992K [0x0000000080000000, 0x0000000100000000)
  region size 1024K, 2 young (2048K), 2 survivors (2048K)
 Metaspace       used 97300K, capacity 102588K, committed 102732K, reserved 604160K
  class space    used 13150K, capacity 14937K, committed 14976K, reserved 516096K
}
Event: 43.097 GC heap before
{Heap before GC invocations=64 (full 0):
 garbage-first heap   total 262144K, used 184928K [0x0000000080000000, 0x0000000100000000)
  region size 1024K, 37 young (37888K), 2 survivors (2048K)
 Metaspace       used 97659K, capacity 103209K, committed 103372K, reserved 606208K
  class space    used 13203K, capacity 15086K, committed 15104K, reserved 516096K
}
Event: 43.111 GC heap after
{Heap after GC invocations=65 (full 0):
 garbage-first heap   total 262144K, used 161018K [0x0000000080000000, 0x0000000100000000)
  region size 1024K, 5 young (5120K), 5 survivors (5120K)
 Metaspace       used 97659K, capacity 103209K, committed 103372K, reserved 606208K
  class space    used 13203K, capacity 15086K, committed 15104K, reserved 516096K
}
Event: 43.392 GC heap before
{Heap before GC invocations=65 (full 0):
 garbage-first heap   total 262144K, used 173306K [0x0000000080000000, 0x0000000100000000)
  region size 1024K, 18 young (18432K), 5 survivors (5120K)
 Metaspace       used 97718K, capacity 103369K, committed 103628K, reserved 606208K
  class space    used 13209K, capacity 15093K, committed 15104K, reserved 516096K
}
Event: 43.436 GC heap after
{Heap after GC invocations=66 (full 0):
 garbage-first heap   total 262144K, used 165006K [0x0000000080000000, 0x0000000100000000)
  region size 1024K, 4 young (4096K), 4 survivors (4096K)
 Metaspace       used 97718K, capacity 103369K, committed 103628K, reserved 606208K
  class space    used 13209K, capacity 15093K, committed 15104K, reserved 516096K
}
Event: 44.325 GC heap before
{Heap before GC invocations=67 (full 0):
 garbage-first heap   total 262144K, used 194702K [0x0000000080000000, 0x0000000100000000)
  region size 1024K, 32 young (32768K), 4 survivors (4096K)
 Metaspace       used 97963K, capacity 103839K, committed 104140K, reserved 606208K
  class space    used 13246K, capacity 15249K, committed 15360K, reserved 516096K
}
Event: 44.340 GC heap after
{Heap after GC invocations=68 (full 0):
 garbage-first heap   total 367616K, used 173379K [0x0000000080000000, 0x0000000100000000)
  region size 1024K, 4 young (4096K), 4 survivors (4096K)
 Metaspace       used 97963K, capacity 103839K, committed 104140K, reserved 606208K
  class space    used 13246K, capacity 15249K, committed 15360K, reserved 516096K
}
Event: 44.638 GC heap before
{Heap before GC invocations=68 (full 0):
 garbage-first heap   total 367616K, used 188739K [0x0000000080000000, 0x0000000100000000)
  region size 1024K, 21 young (21504K), 4 survivors (4096K)
 Metaspace       used 98126K, capacity 104119K, committed 104396K, reserved 606208K
  class space    used 13272K, capacity 15305K, committed 15360K, reserved 516096K
}
Event: 44.645 GC heap after
{Heap after GC invocations=69 (full 0):
 garbage-first heap   total 367616K, used 175660K [0x0000000080000000, 0x0000000100000000)
  region size 1024K, 7 young (7168K), 7 survivors (7168K)
 Metaspace       used 98126K, capacity 104119K, committed 104396K, reserved 606208K
  class space    used 13272K, capacity 15305K, committed 15360K, reserved 516096K
}
Event: 45.129 GC heap before
{Heap before GC invocations=70 (full 0):
 garbage-first heap   total 367616K, used 200236K [0x0000000080000000, 0x0000000100000000)
  region size 1024K, 30 young (30720K), 7 survivors (7168K)
 Metaspace       used 98230K, capacity 104398K, committed 104652K, reserved 606208K
  class space    used 13289K, capacity 15355K, committed 15360K, reserved 516096K
}
Event: 45.149 GC heap after
{Heap after GC invocations=71 (full 0):
 garbage-first heap   total 367616K, used 184506K [0x0000000080000000, 0x0000000100000000)
  region size 1024K, 9 young (9216K), 9 survivors (9216K)
 Metaspace       used 98230K, capacity 104398K, committed 104652K, reserved 606208K
  class space    used 13289K, capacity 15355K, committed 15360K, reserved 516096K
}
Event: 45.627 GC heap before
{Heap before GC invocations=72 (full 0):
 garbage-first heap   total 367616K, used 211130K [0x0000000080000000, 0x0000000100000000)
  region size 1024K, 36 young (36864K), 9 survivors (9216K)
 Metaspace       used 98469K, capacity 104737K, committed 105036K, reserved 606208K
  class space    used 13316K, capacity 15441K, committed 15488K, reserved 516096K
}
Event: 45.653 GC heap after
{Heap after GC invocations=73 (full 0):
 garbage-first heap   total 367616K, used 189110K [0x0000000080000000, 0x0000000100000000)
  region size 1024K, 6 young (6144K), 6 survivors (6144K)
 Metaspace       used 98469K, capacity 104737K, committed 105036K, reserved 606208K
  class space    used 13316K, capacity 15441K, committed 15488K, reserved 516096K
}

